2025-03-07 11:47:47,093 - INFO - Logging setup for data ingestion successfully.
2025-03-07 11:47:47,160 - INFO - Data Loaded Successfully from data/UCI_ML/Spam.csv
2025-03-07 11:47:47,201 - INFO - Data Saved Successfully to data/raw_data/spam.csv
2025-03-07 11:49:16,408 - INFO - Logging setup for data ingestion successfully.
2025-03-07 11:49:16,471 - INFO - Data Loaded Successfully from data/raw_data/spam.csv
2025-03-07 11:49:16,546 - INFO - Data Saved Successfully to data/data_cleaning/cleaned_spam.csv
2025-03-07 11:50:01,293 - INFO - Logging setup for data ingestion successfully.
2025-03-07 11:50:11,789 - INFO - Data Loaded Successfully from data/data_cleaning/cleaned_spam.csv
2025-03-07 11:50:13,746 - INFO - Data Saved Successfully to data/feature_engineering/spam.csv
2025-03-07 11:51:02,354 - INFO - Logging setup for data ingestion successfully.
2025-03-07 11:51:05,019 - INFO - Data Loaded Successfully from data/data_cleaning/cleaned_spam.csv
2025-03-07 11:51:06,572 - INFO - Data Saved Successfully to data/feature_engineering/spam.csv
2025-03-07 11:51:29,322 - INFO - Logging setup for data ingestion successfully.
2025-03-07 11:51:29,374 - INFO - Data Loaded Successfully from data/feature_engineering/spam.csv
2025-03-07 11:53:28,037 - INFO - Logging setup for data ingestion successfully.
2025-03-07 11:53:31,927 - INFO - Data Loaded Successfully from data/feature_engineering/spam.csv
2025-03-07 11:53:39,292 - INFO - Data Saved Successfully to data/pre-processed/spam.csv
2025-03-07 11:54:05,067 - INFO - Logging setup for data ingestion successfully.
2025-03-07 11:54:06,562 - INFO - Data Loaded Successfully from data/pre-processed/spam.csv
2025-03-07 11:59:43,369 - INFO - Logging setup for data ingestion successfully.
2025-03-07 11:59:43,566 - INFO - Data Loaded Successfully from data/pre-processed/spam.csv
2025-03-07 12:08:50,837 - INFO - Logging setup for data ingestion successfully.
2025-03-07 12:08:52,388 - INFO - Data Loaded Successfully from data/pre-processed/spam.csv
2025-03-07 12:11:26,392 - INFO - Logging setup for data ingestion successfully.
2025-03-07 12:11:26,581 - INFO - Data Loaded Successfully from data/pre-processed/spam.csv
2025-03-07 12:52:30,624 - INFO - Logging setup for data ingestion successfully.
2025-03-07 12:52:30,860 - INFO - Data Loaded Successfully from data/pre-processed/spam.csv
2025-03-07 12:53:22,586 - INFO - Logging setup for data ingestion successfully.
2025-03-07 12:53:22,798 - INFO - Data Loaded Successfully from data/pre-processed/spam.csv
2025-03-07 12:57:05,606 - INFO - Logging setup for data ingestion successfully.
2025-03-07 12:57:05,805 - INFO - Data Loaded Successfully from data/pre-processed/spam.csv
2025-03-07 13:07:01,716 - INFO - Logging setup for data ingestion successfully.
2025-03-08 10:46:08,234 - INFO - Logging setup for data ingestion successfully.
2025-03-08 10:46:16,187 - INFO - Data Loaded Successfully from data/pre-processed/spam.csv
2025-03-08 10:51:50,194 - INFO - Logging setup for data ingestion successfully.
2025-03-08 10:51:52,211 - INFO - Data Loaded Successfully from data/pre-processed/spam.csv
2025-03-16 19:55:56,771 - INFO - Logging setup for data ingestion successfully.
2025-03-16 20:25:02,125 - INFO - Logging setup for data ingestion successfully.
2025-03-16 20:25:04,558 - INFO - Data Loaded Successfully from data/pre-processed/spam.csv
2025-03-16 20:30:58,284 - INFO - Logging setup for data ingestion successfully.
2025-03-16 20:30:59,629 - INFO - Data Loaded Successfully from data/pre-processed/spam.csv
2025-03-16 21:01:11,013 - INFO - Logging setup for data ingestion successfully.
2025-03-16 21:01:11,086 - INFO - Data Loaded Successfully from data/feature_engineering/spam.csv
2025-03-16 21:10:39,545 - INFO - Logging setup for data ingestion successfully.
2025-03-16 21:10:41,447 - INFO - Data Loaded Successfully from data/pre-processed/spam.csv
2025-03-17 06:31:49,267 - INFO - Logging setup for data ingestion successfully.
2025-03-17 06:37:30,643 - INFO - Logging setup for data ingestion successfully.
2025-03-17 06:38:44,840 - INFO - Logging setup for data ingestion successfully.
2025-03-17 06:41:12,865 - INFO - Logging setup for data ingestion successfully.
2025-03-17 06:48:51,037 - INFO - Logging setup for data ingestion successfully.
2025-03-17 06:51:44,093 - INFO - Logging setup for data ingestion successfully.
2025-03-17 06:54:08,225 - INFO - Logging setup for data ingestion successfully.
2025-03-17 06:58:10,759 - INFO - Logging setup for data ingestion successfully.
